<?xml version="1.0" encoding="UTF-8"?>
<!-- Generated by org.testng.reporters.JUnitXMLReporter -->
<testsuite hostname="Vishnus-MBP" ignored="0" name="Default test" tests="11" failures="0" timestamp="27 May 2019 01:49:33 GMT" time="96.836" errors="0">
  <testcase name="runScenario" time="5.281" classname="runner.AbstractTestNGCucumberParallelTests"/>
  <testcase name="runScenario" time="5.294" classname="runner.AbstractTestNGCucumberParallelTests"/>
  <testcase name="runScenario" time="5.302" classname="runner.AbstractTestNGCucumberParallelTests"/>
  <testcase name="runScenario" time="5.312" classname="runner.AbstractTestNGCucumberParallelTests"/>
  <testcase name="runScenario" time="5.353" classname="runner.AbstractTestNGCucumberParallelTests"/>
  <testcase name="runScenario" time="5.391" classname="runner.AbstractTestNGCucumberParallelTests"/>
  <testcase name="runScenario" time="5.404" classname="runner.AbstractTestNGCucumberParallelTests"/>
  <testcase name="runScenario" time="5.403" classname="runner.AbstractTestNGCucumberParallelTests"/>
  <testcase name="runScenario" time="5.403" classname="runner.AbstractTestNGCucumberParallelTests"/>
  <testcase name="runScenario" time="7.372" classname="runner.AbstractTestNGCucumberParallelTests"/>
  <testcase name="runScenario" time="4.023" classname="runner.AbstractTestNGCucumberParallelTests"/>
</testsuite> <!-- Default test -->
