<?xml version="1.0" encoding="UTF-8"?>
<!-- Generated by org.testng.reporters.JUnitXMLReporter -->
<testsuite hostname="Vishnus-MBP" ignored="0" name="Test1" tests="6" failures="0" timestamp="29 May 2019 02:39:40 GMT" time="31.122" errors="0">
  <testcase name="runScenario" time="26.046" classname="com.beachbody.automation.runners.AbstractTestNGCucumberParallelTests"/>
  <testcase name="runScenario" time="26.86" classname="com.beachbody.automation.runners.AbstractTestNGCucumberParallelTests"/>
  <testcase name="runScenario" time="26.902" classname="com.beachbody.automation.runners.AbstractTestNGCucumberParallelTests"/>
  <testcase name="runScenario" time="27.105" classname="com.beachbody.automation.runners.AbstractTestNGCucumberParallelTests"/>
  <testcase name="runScenario" time="27.351" classname="com.beachbody.automation.runners.AbstractTestNGCucumberParallelTests"/>
  <testcase name="runScenario" time="30.735" classname="com.beachbody.automation.runners.AbstractTestNGCucumberParallelTests"/>
</testsuite> <!-- Test1 -->
