<?xml version="1.0" encoding="UTF-8"?>
<!-- Generated by org.testng.reporters.JUnitReportReporter -->
<testsuite skipped="0" hostname="cimora02-priv.qa.dc2.beachbody.com" name="com.beachbody.automation.runners.DefaultRunner" tests="1" failures="0" timestamp="03 Jun 2019 02:40:37 GMT" time="7.657" errors="1">
  <testcase name="runScenario" time="7.657" classname="com.beachbody.automation.runners.DefaultRunner">
    <error type="java.lang.NullPointerException">
      <![CDATA[java.lang.NullPointerException
at com.beachbody.automation.stepdefs.BYDStepDefs.i_am_logged_in_to_ByDesign(BYDStepDefs.java:34)
at ✽.I am logged in to ByDesign(file:src/test/resources/features/e2e/TCID_C6209824.feature:32)
]]>
    </error>
  </testcase> <!-- runScenario -->
</testsuite> <!-- com.beachbody.automation.runners.DefaultRunner -->
